<?xml version="1.0" encoding="UTF-8" ?>
<testsuite tests="5" failures="0" name="com.niit.BlossomFloristsBackend.CategoryDaoTest" time="39.984" errors="0" skipped="5">
  <properties>
[...]
</properties>
  <testcase classname="com.niit.BlossomFloristsBackend.CategoryDaoTest" name="addCategorytest" time="7.996">
    <skipped/>
    <system-out>Session Factory Object Created
org.hibernate.internal.SessionFactoryImpl@7d2a6eac
com.niit.daoImpl.CategoryDaoImpl@5f5b5ca4
</system-out>
  </testcase>
  <testcase classname="com.niit.BlossomFloristsBackend.CategoryDaoTest" name="getCategoryTest" time="7.997">
    <skipped/>
  </testcase>
  <testcase classname="com.niit.BlossomFloristsBackend.CategoryDaoTest" name="updateCategoryTest" time="7.997">
    <skipped/>
  </testcase>
  <testcase classname="com.niit.BlossomFloristsBackend.CategoryDaoTest" name="deleteCategoryTest" time="7.997">
    <skipped/>
  </testcase>
  <testcase classname="com.niit.BlossomFloristsBackend.CategoryDaoTest" name="retrieveCategoryTest" time="7.997">
    <skipped/>
  </testcase>
</testsuite>